\BOOKMARK [1][-]{section.1}{\376\377\006\063\006\106\006\057\000\040\006\052\006\050\006\314\006\314\006\106\000\040\006\106\006\314\006\047\006\062\006\105\006\106\006\057\006\314\040\014\006\107\006\047}{}% 1
\BOOKMARK [2][-]{subsection.1.1}{\376\377\006\105\006\102\006\057\006\105\006\107}{section.1}% 2
\BOOKMARK [3][-]{subsubsection.1.1.1}{\376\377\006\107\006\057\006\101}{subsection.1.1}% 3
\BOOKMARK [3][-]{subsubsection.1.1.2}{\376\377\006\102\006\104\006\105\006\061\006\110}{subsection.1.1}% 4
\BOOKMARK [3][-]{subsubsection.1.1.3}{\376\377\006\052\006\071\006\047\006\061\006\314\006\101\006\014\000\040\006\063\006\061\006\106\006\047\006\105\040\014\006\107\006\047\000\040\006\110\000\040\006\251\006\110\006\052\006\107\040\014\006\106\006\110\006\064\006\052\040\014\006\107\006\047}{subsection.1.1}% 5
\BOOKMARK [3][-]{subsubsection.1.1.4}{\376\377\006\105\006\061\006\047\006\054\006\071}{subsection.1.1}% 6
\BOOKMARK [3][-]{subsubsection.1.1.5}{\376\377\006\067\006\061\006\055\000\040\006\251\006\104\006\314}{subsection.1.1}% 7
\BOOKMARK [2][-]{subsection.1.2}{\376\377\006\064\006\061\006\055\000\040\006\251\006\104\006\314}{section.1}% 8
\BOOKMARK [3][-]{subsubsection.1.2.1}{\376\377\006\206\006\064\006\105\040\014\006\047\006\106\006\057\006\047\006\062\000\040\006\105\006\055\006\065\006\110\006\104}{subsection.1.2}% 9
\BOOKMARK [3][-]{subsubsection.1.2.2}{\376\377\006\251\006\047\006\061\006\251\006\061\006\057\000\040\006\105\006\055\006\065\006\110\006\104}{subsection.1.2}% 10
\BOOKMARK [3][-]{subsubsection.1.2.3}{\376\377\006\105\006\064\006\056\006\065\006\047\006\052\000\040\006\251\006\047\006\061\006\050\006\061\006\047\006\106}{subsection.1.2}% 11
\BOOKMARK [3][-]{subsubsection.1.2.4}{\376\377\006\102\006\314\006\110\006\057\000\040\006\110\000\040\006\105\006\055\006\057\006\110\006\057\006\314\006\052\040\014\006\107\006\047}{subsection.1.2}% 12
\BOOKMARK [3][-]{subsubsection.1.2.5}{\376\377\006\105\006\101\006\061\006\110\006\066\006\047\006\052\000\040\006\110\000\040\006\110\006\047\006\050\006\063\006\052\006\257\006\314\040\014\006\107\006\047}{subsection.1.2}% 13
\BOOKMARK [2][-]{subsection.1.3}{\376\377\006\106\006\314\006\047\006\062\006\105\006\106\006\057\006\314\040\014\006\107\006\047\006\314\000\040\006\056\006\047\006\065}{section.1}% 14
\BOOKMARK [3][-]{subsubsection.1.3.1}{\376\377\006\106\006\314\006\047\006\062\006\105\006\106\006\057\006\314\040\014\006\107\006\047\006\314\000\040\006\251\006\047\006\061\006\251\006\061\006\057\006\314}{subsection.1.3}% 15
\BOOKMARK [3][-]{subsubsection.1.3.2}{\376\377\006\106\006\314\006\047\006\062\006\105\006\106\006\057\006\314\040\014\006\107\006\047\006\314\000\040\006\072\006\314\006\061\006\251\006\047\006\061\006\251\006\061\006\057\006\314}{subsection.1.3}% 16
\BOOKMARK [3][-]{subsubsection.1.3.3}{\376\377\006\106\006\314\006\047\006\062\006\105\006\106\006\057\006\314\040\014\006\107\006\047\006\314\000\040\006\110\006\047\006\063\006\067\000\040\006\056\006\047\006\061\006\054\006\314}{subsection.1.3}% 17
\BOOKMARK [3][-]{subsubsection.1.3.4}{\376\377\006\102\006\314\006\110\006\057\000\040\006\067\006\061\006\047\006\055\006\314}{subsection.1.3}% 18
\BOOKMARK [3][-]{subsubsection.1.3.5}{\376\377\006\065\006\101\006\047\006\052\000\040\006\063\006\314\006\063\006\052\006\105\000\040\006\106\006\061\006\105\040\014\006\047\006\101\006\062\006\047\006\061\006\314}{subsection.1.3}% 19
\BOOKMARK [1][-]{section.2}{\376\377\006\102\006\110\006\047\006\106\006\314\006\106\000\040\006\251\006\063\006\050\040\014\006\110\006\251\006\047\006\061}{}% 20
\BOOKMARK [1][-]{section.3}{\376\377\006\050\006\061\006\106\006\047\006\105\006\107\000\040\006\052\006\251\006\061\006\047\006\061\000\040\006\110\000\040\006\050\006\061\006\106\006\047\006\105\006\107\000\040\006\105\006\061\006\055\006\104\006\107}{}% 21
